<?xml version="1.0" encoding="UTF-8"?>
<testsuite xmlns:xsi="http://www.w3.org/2001/XMLSchema-instance" xsi:noNamespaceSchemaLocation="https://maven.apache.org/surefire/maven-surefire-plugin/xsd/surefire-test-report-3.0.xsd" version="3.0" name="com.employeemanager.EmployeeRepositoryTest" time="3.66" tests="1" errors="0" skipped="0" failures="0">
  <properties>
[...]
</properties>
  <testcase name="shouldSaveAndFindByDepartment" classname="com.employeemanager.EmployeeRepositoryTest" time="0.569">
    <system-out><![CDATA[09:49:47.470 [main] INFO org.springframework.test.context.support.AnnotationConfigContextLoaderUtils -- Could not detect default configuration classes for test class [com.employeemanager.EmployeeRepositoryTest]: EmployeeRepositoryTest does not declare any static, non-private, non-final, nested classes annotated with @Configuration.
09:49:47.581 [main] INFO org.springframework.boot.test.context.SpringBootTestContextBootstrapper -- Found @SpringBootConfiguration com.employeemanager.EmployeeManagementSystemApplication for test class com.employeemanager.EmployeeRepositoryTest

  .   ____          _            __ _ _
 /\\ / ___'_ __ _ _(_)_ __  __ _ \ \ \ \
( ( )\___ | '_ | '_| | '_ \/ _` | \ \ \ \
 \\/  ___)| |_)| | | | | || (_| |  ) ) ) )
  '  |____| .__|_| |_|_| |_\__, | / / / /
 =========|_|==============|___/=/_/_/_/

 :: Spring Boot ::                (v3.3.3)

2026-07-02T09:49:47.889Z  INFO 21397 --- [           main] c.e.EmployeeRepositoryTest               : Starting EmployeeRepositoryTest using Java 25.0.2 with PID 21397 (started by codespace in /workspaces/Digital-Nuture-5.0-/Module-6/EmployeeManagementSystem)
2026-07-02T09:49:47.890Z  INFO 21397 --- [           main] c.e.EmployeeRepositoryTest               : No active profile set, falling back to 1 default profile: "default"
2026-07-02T09:49:48.524Z  INFO 21397 --- [           main] .s.d.r.c.RepositoryConfigurationDelegate : Bootstrapping Spring Data JPA repositories in DEFAULT mode.
2026-07-02T09:49:48.592Z  INFO 21397 --- [           main] .s.d.r.c.RepositoryConfigurationDelegate : Finished Spring Data repository scanning in 58 ms. Found 1 JPA repository interface.
2026-07-02T09:49:48.637Z  INFO 21397 --- [           main] beddedDataSourceBeanFactoryPostProcessor : Replacing 'dataSource' DataSource bean with embedded version
2026-07-02T09:49:48.803Z  INFO 21397 --- [           main] o.s.j.d.e.EmbeddedDatabaseFactory        : Starting embedded database: url='jdbc:h2:mem:6fc35303-0630-450b-92a6-1f36aeaf1aa8;DB_CLOSE_DELAY=-1;DB_CLOSE_ON_EXIT=false', username='sa'
2026-07-02T09:49:49.038Z  INFO 21397 --- [           main] o.hibernate.jpa.internal.util.LogHelper  : HHH000204: Processing PersistenceUnitInfo [name: default]
2026-07-02T09:49:49.092Z  INFO 21397 --- [           main] org.hibernate.Version                    : HHH000412: Hibernate ORM core version 6.5.2.Final
2026-07-02T09:49:49.124Z  INFO 21397 --- [           main] o.h.c.internal.RegionFactoryInitiator    : HHH000026: Second-level cache disabled
2026-07-02T09:49:49.390Z  INFO 21397 --- [           main] o.s.o.j.p.SpringPersistenceUnitInfo      : No LoadTimeWeaver setup: ignoring JPA class transformer
2026-07-02T09:49:50.052Z  INFO 21397 --- [           main] o.h.e.t.j.p.i.JtaPlatformInitiator       : HHH000489: No JTA platform available (set 'hibernate.transaction.jta.platform' to enable JTA platform integration)
Hibernate: 
    drop table if exists employees cascade 
Hibernate: 
    create table employees (
        id bigint generated by default as identity,
        department varchar(255),
        email varchar(255),
        first_name varchar(255),
        last_name varchar(255),
        primary key (id)
    )
2026-07-02T09:49:50.079Z  INFO 21397 --- [           main] j.LocalContainerEntityManagerFactoryBean : Initialized JPA EntityManagerFactory for persistence unit 'default'
2026-07-02T09:49:50.410Z  INFO 21397 --- [           main] c.e.EmployeeRepositoryTest               : Started EmployeeRepositoryTest in 2.777 seconds (process running for 3.536)
Hibernate: 
    insert 
    into
        employees
        (department, email, first_name, last_name, id) 
    values
        (?, ?, ?, ?, default)
Hibernate: 
    insert 
    into
        employees
        (department, email, first_name, last_name, id) 
    values
        (?, ?, ?, ?, default)
Hibernate: 
    select
        e1_0.id,
        e1_0.department,
        e1_0.email,
        e1_0.first_name,
        e1_0.last_name 
    from
        employees e1_0 
    where
        e1_0.department=?
]]></system-out>
    <system-err><![CDATA[WARNING: A Java agent has been loaded dynamically (/home/codespace/.m2/repository/net/bytebuddy/byte-buddy-agent/1.14.19/byte-buddy-agent-1.14.19.jar)
WARNING: If a serviceability tool is in use, please run with -XX:+EnableDynamicAgentLoading to hide this warning
WARNING: If a serviceability tool is not in use, please run with -Djdk.instrument.traceUsage for more information
WARNING: Dynamic loading of agents will be disallowed by default in a future release
]]></system-err>
  </testcase>
</testsuite>